<?xml version="1.0" encoding="UTF-8"?>
<!-- Generated by org.testng.reporters.JUnitXMLReporter -->
<testsuite ignored="4" hostname="LAPTOP-66KHMHA0" failures="1" tests="3" name="Test" time="4.653" errors="0" timestamp="2025-09-30T11:13:21 IST">
  <testcase classname="base.TestngBase" name="@AfterMethod driverQuit" time="0.013">
    <failure type="java.lang.NullPointerException" message="Cannot invoke &amp;quot;org.openqa.selenium.TakesScreenshot.getScreenshotAs(org.openqa.selenium.OutputType)&amp;quot; because &amp;quot;scrShot&amp;quot; is null">
      <![CDATA[java.lang.NullPointerException: Cannot invoke "org.openqa.selenium.TakesScreenshot.getScreenshotAs(org.openqa.selenium.OutputType)" because "scrShot" is null
at utilities.ScreenshotUtility.getScreenshot(ScreenshotUtility.java:17)
at base.TestngBase.driverQuit(TestngBase.java:45)
at java.base/java.util.ArrayList.forEach(ArrayList.java:1597)
... Removed 30 stack frames]]>
    </failure>
  </testcase> <!-- @AfterMethod driverQuit -->
  <testcase classname="testscript.LoginTest" name="verifyloginwithValidCredentials" time="3.54">
    <skipped/>
  </testcase> <!-- verifyloginwithValidCredentials -->
  <testcase classname="testscript.LoginTest" name="verifyloginwithValidCredentials" time="0.292">
    <skipped/>
  </testcase> <!-- verifyloginwithValidCredentials -->
  <testcase classname="testscript.LoginTest" name="verifyloginwithValidCredentials" time="0.338">
    <failure type="java.lang.NullPointerException" message="Cannot invoke &amp;quot;org.openqa.selenium.SearchContext.findElement(org.openqa.selenium.By)&amp;quot; because &amp;quot;this.searchContext&amp;quot; is null">
      <![CDATA[java.lang.NullPointerException: Cannot invoke "org.openqa.selenium.SearchContext.findElement(org.openqa.selenium.By)" because "this.searchContext" is null
at org.openqa.selenium.support.pagefactory.DefaultElementLocator.findElement(DefaultElementLocator.java:68)
at org.openqa.selenium.support.pagefactory.internal.LocatingElementHandler.invoke(LocatingElementHandler.java:38)
at jdk.proxy2/jdk.proxy2.$Proxy12.sendKeys(Unknown Source)
at utilities.PageUtility.sendDataToElement(PageUtility.java:21)
at pages.LoginPage.enterUsername(LoginPage.java:29)
at testscript.LoginTest.verifyloginwithValidCredentials(LoginTest.java:22)
at java.base/java.util.ArrayList.forEach(ArrayList.java:1597)
... Removed 25 stack frames]]>
    </failure>
  </testcase> <!-- verifyloginwithValidCredentials -->
  <testcase classname="testscript.LoginTest" name="verifyloginwithInvalidusernameValidPassword" time="0.0">
    <ignored/>
  </testcase> <!-- verifyloginwithInvalidusernameValidPassword -->
  <testcase classname="testscript.LoginTest" name="verifyloginwithValidUsernameInvalidpassword" time="0.0">
    <ignored/>
  </testcase> <!-- verifyloginwithValidUsernameInvalidpassword -->
  <testcase classname="testscript.HomeTest" name="verifylogout" time="0.0">
    <ignored/>
  </testcase> <!-- verifylogout -->
  <testcase classname="testscript.LoginTest" name="verifyloginwithInvalidCredentials" time="0.0">
    <ignored/>
  </testcase> <!-- verifyloginwithInvalidCredentials -->
</testsuite> <!-- Test -->
