<?xml version="1.0" encoding="UTF-8"?>
<!-- Generated by org.testng.reporters.JUnitXMLReporter -->
<testsuite ignored="0" hostname="LAPTOP-66KHMHA0" failures="2" tests="14" name="Test" time="143.631" errors="0" timestamp="2025-10-03T10:39:51 IST">
  <testcase classname="testscript.HomeTest" name="verifylogout" time="3.871"/>
  <testcase classname="testscript.AdminTest" name="verifyAddUser" time="10.616">
    <failure type="org.openqa.selenium.TimeoutException" message="Expected condition failed: waiting for element to be clickable: [[ChromeDriver: chrome on windows (e992baebed7c2c65b135919a98d4eeb6)] -&amp;gt; xpath: //button[@name=&amp;apos;Create&amp;apos;]] (tried for 5 second(s) with 500 milliseconds interval)
Build info: version: &amp;apos;4.31.0&amp;apos;, revision: &amp;apos;1ef9f18787*&amp;apos;
System info: os.name: &amp;apos;Windows 11&amp;apos;, os.arch: &amp;apos;amd64&amp;apos;, os.version: &amp;apos;10.0&amp;apos;, java.version: &amp;apos;23.0.2&amp;apos;
Driver info: org.openqa.selenium.chrome.ChromeDriver
Capabilities {acceptInsecureCerts: false, browserName: chrome, browserVersion: 140.0.7339.208, chrome: {chromedriverVersion: 140.0.7339.207 (17230b545fd..., userDataDir: C:\Users\user\AppData\Local...}, fedcm:accounts: true, goog:chromeOptions: {debuggerAddress: localhost:50426}, networkConnectionEnabled: false, pageLoadStrategy: normal, platformName: windows, proxy: Proxy(), se:cdp: ws://localhost:50426/devtoo..., se:cdpVersion: 140.0.7339.208, setWindowRect: true, strictFileInteractability: false, timeouts: {implicit: 0, pageLoad: 300000, script: 30000}, unhandledPromptBehavior: dismiss and notify, webauthn:extension:credBlob: true, webauthn:extension:largeBlob: true, webauthn:extension:minPinLength: true, webauthn:extension:prf: true, webauthn:virtualAuthenticators: true}
Session ID: e992baebed7c2c65b135919a98d4eeb6">
      <![CDATA[org.openqa.selenium.TimeoutException: Expected condition failed: waiting for element to be clickable: [[ChromeDriver: chrome on windows (e992baebed7c2c65b135919a98d4eeb6)] -> xpath: //button[@name='Create']] (tried for 5 second(s) with 500 milliseconds interval)
Build info: version: '4.31.0', revision: '1ef9f18787*'
System info: os.name: 'Windows 11', os.arch: 'amd64', os.version: '10.0', java.version: '23.0.2'
Driver info: org.openqa.selenium.chrome.ChromeDriver
Capabilities {acceptInsecureCerts: false, browserName: chrome, browserVersion: 140.0.7339.208, chrome: {chromedriverVersion: 140.0.7339.207 (17230b545fd..., userDataDir: C:\Users\user\AppData\Local...}, fedcm:accounts: true, goog:chromeOptions: {debuggerAddress: localhost:50426}, networkConnectionEnabled: false, pageLoadStrategy: normal, platformName: windows, proxy: Proxy(), se:cdp: ws://localhost:50426/devtoo..., se:cdpVersion: 140.0.7339.208, setWindowRect: true, strictFileInteractability: false, timeouts: {implicit: 0, pageLoad: 300000, script: 30000}, unhandledPromptBehavior: dismiss and notify, webauthn:extension:credBlob: true, webauthn:extension:largeBlob: true, webauthn:extension:minPinLength: true, webauthn:extension:prf: true, webauthn:virtualAuthenticators: true}
Session ID: e992baebed7c2c65b135919a98d4eeb6
at org.openqa.selenium.support.ui.WebDriverWait.timeoutException(WebDriverWait.java:84)
at org.openqa.selenium.support.ui.FluentWait.until(FluentWait.java:228)
at utilities.WaitUtility.waitUntilClickable(WaitUtility.java:16)
at pages.AdminPage.userSave(AdminPage.java:65)
at testscript.AdminTest.verifyAddUser(AdminTest.java:46)
at java.base/java.util.ArrayList.forEach(ArrayList.java:1597)
... Removed 25 stack frames]]>
    </failure>
  </testcase> <!-- verifyAddUser -->
  <testcase classname="testscript.AdminTest" name="verifysearchuser" time="5.357"/>
  <testcase classname="testscript.AdminTest" name="verifyRefreshbutton" time="3.73"/>
  <testcase classname="testscript.NewsTest" name="verifyAddNews" time="5.087"/>
  <testcase classname="testscript.NewsTest" name="verifyReturntohome" time="5.981"/>
  <testcase classname="testscript.LoginTest" name="verifyloginwithValidCredentials" time="3.625">
    <skipped/>
  </testcase> <!-- verifyloginwithValidCredentials -->
  <testcase classname="testscript.LoginTest" name="verifyloginwithValidCredentials" time="2.758">
    <skipped/>
  </testcase> <!-- verifyloginwithValidCredentials -->
  <testcase classname="testscript.LoginTest" name="verifyloginwithValidCredentials" time="3.513">
    <failure type="java.lang.AssertionError" message="Login is not successfull with valid credentials expected [https://groceryapp.uniqassosiates.com/admin/home] but found [https://groceryapp.uniqassosiates.com/admin]">
      <![CDATA[java.lang.AssertionError: Login is not successfull with valid credentials expected [https://groceryapp.uniqassosiates.com/admin/home] but found [https://groceryapp.uniqassosiates.com/admin]
at testscript.LoginTest.verifyloginwithValidCredentials(LoginTest.java:28)
at java.base/java.util.ArrayList.forEach(ArrayList.java:1597)
... Removed 30 stack frames]]>
    </failure>
  </testcase> <!-- verifyloginwithValidCredentials -->
  <testcase classname="testscript.LoginTest" name="verifyloginwithValidUsernameInvalidpassword" time="2.094"/>
  <testcase classname="testscript.LoginTest" name="verifyloginwithInvalidusernameValidPassword" time="2.51"/>
  <testcase classname="testscript.LoginTest" name="verifyloginwithInvalidCredentials" time="3.337"/>
  <testcase classname="testscript.LoginTest" name="verifyloginwithInvalidCredentials" time="4.094"/>
  <testcase classname="testscript.LoginTest" name="verifyloginwithInvalidCredentials" time="2.571"/>
</testsuite> <!-- Test -->
